d:\1学习\大三上\vc程序设计\mycode\vc_202100172014_4\4_1\user_password_interface\user_password_interface\x64\debug\user_password_interface.pch
d:\1学习\大三上\vc程序设计\mycode\vc_202100172014_4\4_1\user_password_interface\user_password_interface\x64\debug\vc143.pdb
d:\1学习\大三上\vc程序设计\mycode\vc_202100172014_4\4_1\user_password_interface\user_password_interface\x64\debug\vc143.idb
d:\1学习\大三上\vc程序设计\mycode\vc_202100172014_4\4_1\user_password_interface\user_password_interface\x64\debug\pch.obj
d:\1学习\大三上\vc程序设计\mycode\vc_202100172014_4\4_1\user_password_interface\user_password_interface\x64\debug\verificationdlg.obj
d:\1学习\大三上\vc程序设计\mycode\vc_202100172014_4\4_1\user_password_interface\user_password_interface\x64\debug\user_password_interfacedlg.obj
d:\1学习\大三上\vc程序设计\mycode\vc_202100172014_4\4_1\user_password_interface\user_password_interface\x64\debug\user_password_interface.obj
d:\1学习\大三上\vc程序设计\mycode\vc_202100172014_4\4_1\user_password_interface\user_password_interface\x64\debug\registrationdlg.obj
d:\1学习\大三上\vc程序设计\mycode\vc_202100172014_4\4_1\user_password_interface\user_password_interface\x64\debug\maininterface.obj
d:\1学习\大三上\vc程序设计\mycode\vc_202100172014_4\4_1\user_password_interface\user_password_interface\x64\debug\backsystemdlg.obj
d:\1学习\大三上\vc程序设计\mycode\vc_202100172014_4\4_1\user_password_interface\user_password_interface\x64\debug\user_password_interface.ilk
d:\1学习\大三上\vc程序设计\mycode\vc_202100172014_4\4_1\user_password_interface\x64\debug\user_password_interface.exe
d:\1学习\大三上\vc程序设计\mycode\vc_202100172014_4\4_1\user_password_interface\x64\debug\user_password_interface.pdb
d:\1学习\大三上\vc程序设计\mycode\vc_202100172014_4\4_1\user_password_interface\user_password_interface\x64\debug\userpasswordinterface.res
d:\1学习\大三上\vc程序设计\mycode\vc_202100172014_4\4_1\user_password_interface\user_password_interface\x64\debug\user_pas.1e87382d.tlog\cl.command.1.tlog
d:\1学习\大三上\vc程序设计\mycode\vc_202100172014_4\4_1\user_password_interface\user_password_interface\x64\debug\user_pas.1e87382d.tlog\cl.items.tlog
d:\1学习\大三上\vc程序设计\mycode\vc_202100172014_4\4_1\user_password_interface\user_password_interface\x64\debug\user_pas.1e87382d.tlog\cl.read.1.tlog
d:\1学习\大三上\vc程序设计\mycode\vc_202100172014_4\4_1\user_password_interface\user_password_interface\x64\debug\user_pas.1e87382d.tlog\cl.write.1.tlog
d:\1学习\大三上\vc程序设计\mycode\vc_202100172014_4\4_1\user_password_interface\user_password_interface\x64\debug\user_pas.1e87382d.tlog\link.command.1.tlog
d:\1学习\大三上\vc程序设计\mycode\vc_202100172014_4\4_1\user_password_interface\user_password_interface\x64\debug\user_pas.1e87382d.tlog\link.read.1.tlog
d:\1学习\大三上\vc程序设计\mycode\vc_202100172014_4\4_1\user_password_interface\user_password_interface\x64\debug\user_pas.1e87382d.tlog\link.write.1.tlog
d:\1学习\大三上\vc程序设计\mycode\vc_202100172014_4\4_1\user_password_interface\user_password_interface\x64\debug\user_pas.1e87382d.tlog\rc.command.1.tlog
d:\1学习\大三上\vc程序设计\mycode\vc_202100172014_4\4_1\user_password_interface\user_password_interface\x64\debug\user_pas.1e87382d.tlog\rc.read.1.tlog
d:\1学习\大三上\vc程序设计\mycode\vc_202100172014_4\4_1\user_password_interface\user_password_interface\x64\debug\user_pas.1e87382d.tlog\rc.write.1.tlog
